nohup: les entrées sont ignorées
26823.30
26824.27
26824.27
26824.51
26824.99
26824.99
26826.10
26824.70
26824.70
26827.52
26810.49
26810.49
26813.03
26813.03
26810.41
26810.95
26819.77
26821.18
26821.55
26821.55
26824.55
26821.82
26821.82
26824.11
26824.11
26819.89
26819.89
26819.89
26824.91
26824.91
26826.85
26826.85
26826.38
26827.08
26827.52
26829.26
26829.47
26830.91
26831.48
26830.91
26830.91
26831.26
26831.50
26831.36
26831.36
26830.09
26830.01
26830.01
26831.05
26817.95
26821.89
26822.58
26827.18
26825.92
26830.82
26830.80
26830.80
26831.44
26831.44
26829.54
26820.81
26820.81
26821.74
26823.07
26822.73
26822.73
26825.31
26826.09
26826.39
26826.39
26827.55
26827.65
26828.01
26828.01
26825.60
26825.60
26826.48
26826.53
26826.56
26826.87
26826.87
26826.92
26827.09
26824.72
26824.72
26825.09
26826.03
26829.94
26830.34
26830.35
26829.28
26826.32
26826.32
26827.79
26827.79
26827.01
26827.01
26826.83
26827.74
26827.74
26827.71
26829.84
26831.70
26830.20
26831.81
26831.77
26831.67
26831.40
26831.40
26823.35
26825.18
26825.18
26829.62
26829.27
26829.27
26828.90
26828.90
26826.00
26826.00
26827.58
26828.80
26827.70
26827.70
26827.70
26818.86
26817.97
26818.56
26818.56
26814.89
26814.89
26814.53
26814.16
26814.16
26814.16
26814.24
26814.24
26812.76
26812.76
26815.04
26815.04
26815.28
26811.06
26811.84
26811.84
26811.80
26807.66
26807.66
26801.63
26801.63
26797.51
26799.01
26799.01
26800.11
26801.21
26801.21
26798.86
26798.51
26798.94
26798.94
26798.94
26799.11
26799.11
26799.80
26799.83
26799.83
26799.78
26799.75
26799.75
26801.52
26801.71
26801.76
26801.88
26801.88
26802.99
26802.99
26804.07
26804.07
26808.43
26808.43
26810.45
26810.45
26810.00
26809.43
26809.52
26811.01
26805.76
26807.45
26807.72
26799.77
26799.77
26799.77
26799.77
26797.40
26802.26
26802.26
26803.37
26803.37
26804.39
26804.43
26804.43
26807.99
26807.99
26812.10
26810.91
26810.95
26810.95
26810.09
26808.78
26808.78
26809.46
26809.46
26811.92
26812.35
26812.35
26813.98
26815.48
26814.35
26815.51
26816.37
26816.29
26816.29
26818.43
26820.34
26820.34
26820.67
26820.67
26820.32
26820.32
26819.35
26819.35
26819.37
26820.94
26821.09
26820.88
26820.88
26814.52
26814.52
26809.47
26810.07
26809.93
26809.93
26814.90
26814.90
26818.25
26820.49
26820.49
26820.91
26822.81
26822.81
26824.65
26824.65
26824.78
26824.78
26824.70
26824.70
26823.09
26823.43
26823.43
26823.55
26825.48
26826.20
26826.20
26826.64
26826.53
26826.53
26826.86
26830.55
26830.55
26829.62
26829.69
26829.69
26833.22
26832.76
26833.56
26831.96
26831.47
26831.47
26831.47
26831.47
26832.54
26833.79
26833.79
26833.95
26833.95
26832.70
26830.21
26830.90
26830.90
26830.90
26831.23
26832.47
26832.47
26832.47
26833.28
26833.28
26833.41
26833.41
26834.30
26835.22
26835.22
26834.08
26834.26
26835.10
26833.64
26833.64
26834.33
26834.33
26834.59
26834.59
26834.01
26835.04
26835.04
26832.34
26832.34
26833.63
26833.63
26839.23
26838.56
26838.56
26838.23
26838.92
26838.92
26838.66
26840.33
26840.29
26840.29
26840.25
26840.82
26840.24
26839.11
26839.11
26840.22
26840.22
26840.00
26840.21
26840.21
26840.85
26840.97
26840.97
26841.46
26841.62
26841.62
26842.61
26842.61
26841.43
26841.64
26841.64
26841.61
26841.61
26842.98
26842.98
26842.60
26842.60
26842.81
26843.24
26843.24
26844.11
26847.11
26847.18
26847.18
26847.60
26847.60
26850.14
26850.14
26846.35
26846.35
26846.93
26847.12
26847.12
26849.20
26849.20
26849.20
26849.48
26849.57
26851.53
26851.53
26851.84
26851.84
26851.16
26852.39
26852.39
26852.39
26852.39
26851.98
26851.98
26851.98
26846.25
26845.91
26846.71
26846.71
26846.20
26846.20
26846.75
26846.75
26840.15
26841.28
26841.28
26841.93
26841.93
26842.48
26843.55
26845.28
26845.28
26844.79
26844.79
26844.22
26845.05
26845.05
26845.39
26845.39
26844.43
26844.62
26844.69
26844.69
26844.57
26844.57
26847.43
26847.43
26849.36
26849.76
26849.76
26850.32
26849.88
26849.88
26840.20
26835.09
26835.09
26835.08
26841.11
26841.11
26841.11
26843.44
26843.78
26843.78
26843.78
26847.92
26846.68
26846.68
26847.06
26847.06
26847.09
26847.09
26847.80
26847.80
26849.25
26849.04
26849.04
26850.06
26850.06
26850.06
26851.43
26852.44
26853.12
26853.12
26853.35
26853.19
26853.19
26853.52
26853.99
26853.99
26854.07
26853.81
26853.39
26853.39
26837.54
26837.54
26841.78
26842.74
26842.74
26845.99
26845.99
26849.92
26849.54
26849.54
26849.23
26849.23
26850.20
26849.52
26849.55
26849.36
26851.44
26851.53
26851.52
26851.52
26851.23
26851.99
26853.88
26856.16
26856.16
26856.55
26858.18
26858.18
26860.49
26860.49
26861.25
26861.25
26861.12
26861.12
26862.10
26860.46
26860.46
26860.67
26860.67
26852.56
26852.56
26854.71
26854.71
26853.66
26856.51
26856.51
26856.30
26856.97
26856.97
26859.22
26859.59
26859.59
26865.22
26865.22
26865.22
26865.66
26866.76
26866.61
26866.88
26866.88
26867.60
26865.33
26857.18
26857.18
26858.49
26858.49
26858.63
26858.63
26861.74
26862.52
26862.57
26862.17
26862.17
26860.62
26861.48
26861.48
26861.98
26861.42
26861.42
26862.50
26862.28
26864.04
26864.56
26864.56
26864.97
26865.88
26867.02
26867.83
26867.20
26865.67
26865.67
26865.03
26869.38
26874.88
26874.88
26875.37
26872.40
26872.40
26872.42
26873.34
26873.34
26875.06
26875.06
26879.63
26879.63
26879.29
26879.23
26879.23
26879.37
26880.05
26881.75
26881.90
26881.90
26881.17
26881.17
26880.36
26880.36
26880.40
26880.40
26880.56
26879.87
26879.87
26879.87
26863.77
26866.70
26866.70
26868.41
26868.57
26868.57
26865.58
26865.82
26865.27
26865.27
26866.64
26868.09
26868.09
26870.47
26868.60
26873.99
26874.15
26874.15
26875.46
26875.46
26875.56
26875.02
26875.02
26875.16
26878.05
26878.05
26879.76
26879.76
26880.23
26879.97
26880.03
26880.03
26880.03
26878.99
26878.71
26878.71
26878.55
26878.55
26879.56
26879.56
26877.10
26877.06
26877.06
26877.09
26877.09
26877.76
26877.75
26877.75
26877.86
26877.86
26875.59
26874.33
26872.39
26872.39
26871.40
26873.27
26870.13
26867.39
26868.37
26868.37
26867.92
26869.83
26869.83
26870.12
26870.12
26864.24
26865.08
26865.08
26865.08
26866.06
26865.91
26865.23
26865.23
26865.32
26865.32
26864.47
26864.57
26864.57
26864.51
26864.51
26864.61
26862.96
26862.96
26857.06
26855.95
26856.07
26856.07
26856.48
26856.48
26856.86
26856.39
26856.39
26857.51
26857.51
26857.51
26857.68
26857.82
26857.82
26858.63
26861.58
26861.58
26861.59
26861.63
26861.65
26861.71
26861.71
26861.66
26861.47
26861.47
26861.59
26861.59
26861.97
26863.02
26866.54
26864.61
26864.61
26864.61
26861.52
26861.52
26858.78
26858.78
26860.26
26862.15
26862.15
26856.73
26857.99
26858.31
26857.52
26857.52
26860.94
26860.94
26864.19
26864.19
26863.21
26863.21
26860.96
26860.96
26860.34
26860.61
26860.61
26860.81
26860.81
26857.51
26857.51
26859.90
26860.68
26860.61
26861.16
26861.29
26860.97
26861.09
26861.09
26861.65
26862.45
26862.45
26864.06
26864.06
26864.56
26864.67
26864.80
26864.24
26864.12
26864.12
26864.92
26864.92
26864.92
26865.59
26864.88
26864.88
26857.68
26857.19
26857.19
26857.90
26857.90
26861.91
26861.91
26861.69
26862.52
26862.52
26862.75
26862.75
26862.46
26862.46
26860.46
26860.46
26857.48
26857.48
26857.04
26857.26
26857.26
26859.65
26859.65
26859.41
26858.80
26858.80
26858.89
26858.89
26858.53
26858.52
26858.52
26858.62
26858.72
26858.72
26858.71
26858.71
26856.89
26851.29
26851.29
26851.29
26846.71
26846.71
26847.05
26849.11
26849.11
26849.11
26851.63
26851.63
26851.63
26851.64
26851.64
26852.52
26852.21
26852.21
26852.28
26852.21
26852.21
26852.18
26852.18
26853.98
26853.98
26856.27
26857.58
26856.70
26856.70
26859.49
26859.12
26859.12
26857.72
26857.72
26858.66
26858.66
26859.93
26859.93
26854.17
26856.51
26856.90
26857.16
26857.24
26857.24
26860.41
26860.41
26860.54
26864.47
26864.47
26865.49
26865.49
26867.43
26867.43
26869.16
26869.16
26869.03
26867.89
26867.89
26868.14
26868.14
26867.92
26867.51
26867.51
26863.75
26863.75
26862.44
26862.44
26865.87
26866.23
26866.23
26866.26
26865.93
26865.93
26866.69
26867.35
26867.40
26867.40
26867.41
26867.86
26867.96
26867.33
26867.21
26867.04
26867.37
26867.37
26865.91
26865.91
26867.00
26866.93
26866.95
26867.96
26867.96
26867.86
26867.86
26866.86
26866.86
26866.91
26867.07
26867.04
26862.27
26860.75
26860.75
26860.16
26857.97
26857.97
26857.81
26857.81
26858.15
26859.15
26859.14
26858.77
26859.11
26859.20
26859.20
26859.51
26859.45
26859.45
26861.38
